#
# There is insufficient memory for the Java Runtime Environment to continue.
# Native memory allocation (mmap) failed to map 142606336 bytes for committing reserved memory.
# Possible reasons:
#   The system is out of physical RAM or swap space
#   In 32 bit mode, the process size limit was hit
# Possible solutions:
#   Reduce memory load on the system
#   Increase physical memory or swap space
#   Check if swap backing store is full
#   Use 64 bit Java on a 64 bit OS
#   Decrease Java heap size (-Xmx/-Xms)
#   Decrease number of Java threads
#   Decrease Java thread stack sizes (-Xss)
#   Set larger code cache with -XX:ReservedCodeCacheSize=
# This output file may be truncated or incomplete.
#
#  Out of Memory Error (os_linux.cpp:2627), pid=7537, tid=140598780040960
#
# JRE version: Java(TM) SE Runtime Environment (8.0_66-b17) (build 1.8.0_66-b17)
# Java VM: Java HotSpot(TM) 64-Bit Server VM (25.66-b17 mixed mode linux-amd64 compressed oops)
# Failed to write core dump. Core dumps have been disabled. To enable core dumping, try "ulimit -c unlimited" before starting Java again
#

---------------  T H R E A D  ---------------

Current thread (0x00007fdfc4078000):  VMThread [stack: 0x00007fdfb4471000,0x00007fdfb4572000] [id=7546]

Stack: [0x00007fdfb4471000,0x00007fdfb4572000],  sp=0x00007fdfb45700a0,  free space=1020k
Native frames: (J=compiled Java code, j=interpreted, Vv=VM code, C=native code)
V  [libjvm.so+0xab9a1a]  VMError::report_and_die()+0x2ba
V  [libjvm.so+0x4f9e0b]  report_vm_out_of_memory(char const*, int, unsigned long, VMErrorType, char const*)+0x8b
V  [libjvm.so+0x91a8a3]  os::Linux::commit_memory_impl(char*, unsigned long, bool)+0x103
V  [libjvm.so+0x91adf9]  os::pd_commit_memory(char*, unsigned long, unsigned long, bool)+0x29
V  [libjvm.so+0x91510a]  os::commit_memory(char*, unsigned long, unsigned long, bool)+0x2a
V  [libjvm.so+0x9887a3]  PSVirtualSpace::expand_by(unsigned long)+0x53
V  [libjvm.so+0x989ba8]  PSYoungGen::resize_generation(unsigned long, unsigned long)+0xf8
V  [libjvm.so+0x988d02]  PSYoungGen::resize(unsigned long, unsigned long)+0x22
V  [libjvm.so+0x985fdb]  PSScavenge::invoke_no_policy()+0xf3b
V  [libjvm.so+0x986761]  PSScavenge::invoke()+0x41
V  [libjvm.so+0x93e500]  ParallelScavengeHeap::failed_mem_allocate(unsigned long)+0x70
V  [libjvm.so+0xabb437]  VM_ParallelGCFailedAllocation::doit()+0x97
V  [libjvm.so+0xac2e65]  VM_Operation::evaluate()+0x55
V  [libjvm.so+0xac123a]  VMThread::evaluate_operation(VM_Operation*)+0xba
V  [libjvm.so+0xac15be]  VMThread::loop()+0x1ce
V  [libjvm.so+0xac1a30]  VMThread::run()+0x70
V  [libjvm.so+0x91cc68]  java_start(Thread*)+0x108

VM_Operation (0x00007fdfad112960): ParallelGCFailedAllocation, mode: safepoint, requested by thread 0x00007fdfc4158800


---------------  P R O C E S S  ---------------

Java Threads: ( => current thread )
  0x00007fdfc4158800 JavaThread "pool-1-thread-4" [_thread_blocked, id=7578, stack(0x00007fdfad014000,0x00007fdfad115000)]
  0x00007fdfc4157800 JavaThread "pool-1-thread-3" [_thread_blocked, id=7577, stack(0x00007fdfad115000,0x00007fdfad216000)]
  0x00007fdfc4155800 JavaThread "pool-1-thread-2" [_thread_blocked, id=7576, stack(0x00007fdfad216000,0x00007fdfad317000)]
  0x00007fdfc4151000 JavaThread "pool-2-thread-1" [_thread_blocked, id=7575, stack(0x00007fdfad317000,0x00007fdfad418000)]
  0x00007fdfc414c800 JavaThread "pool-1-thread-1" [_thread_blocked, id=7573, stack(0x00007fdfad418000,0x00007fdfad519000)]
  0x00007fdfc40d4000 JavaThread "Service Thread" daemon [_thread_blocked, id=7553, stack(0x00007fdfad61a000,0x00007fdfad71b000)]
  0x00007fdfc40be800 JavaThread "C1 CompilerThread2" daemon [_thread_blocked, id=7552, stack(0x00007fdfad71b000,0x00007fdfad81c000)]
  0x00007fdfc40bd000 JavaThread "C2 CompilerThread1" daemon [_thread_blocked, id=7551, stack(0x00007fdfad81c000,0x00007fdfad91d000)]
  0x00007fdfc40ba000 JavaThread "C2 CompilerThread0" daemon [_thread_in_native, id=7550, stack(0x00007fdfb406d000,0x00007fdfb416e000)]
  0x00007fdfc40b8800 JavaThread "Signal Dispatcher" daemon [_thread_blocked, id=7549, stack(0x00007fdfb416e000,0x00007fdfb426f000)]
  0x00007fdfc407f000 JavaThread "Finalizer" daemon [_thread_blocked, id=7548, stack(0x00007fdfb426f000,0x00007fdfb4370000)]
  0x00007fdfc407d000 JavaThread "Reference Handler" daemon [_thread_blocked, id=7547, stack(0x00007fdfb4370000,0x00007fdfb4471000)]
  0x00007fdfc400a000 JavaThread "main" [_thread_blocked, id=7539, stack(0x00007fdfccb13000,0x00007fdfccc14000)]

Other Threads:
=>0x00007fdfc4078000 VMThread [stack: 0x00007fdfb4471000,0x00007fdfb4572000] [id=7546]
  0x00007fdfc40d7000 WatcherThread [stack: 0x00007fdfad519000,0x00007fdfad61a000] [id=7554]

VM state:at safepoint (normal execution)

VM Mutex/Monitor currently owned by a thread:  ([mutex/lock_event])
[0x00007fdfc40063f0] Threads_lock - owner thread: 0x00007fdfc4078000
[0x00007fdfc40068f0] Heap_lock - owner thread: 0x00007fdfc4158800

Heap:
 PSYoungGen      total 135168K, used 13792K [0x00000000eab00000, 0x00000000f3e00000, 0x0000000100000000)
  eden space 121344K, 0% used [0x00000000eab00000,0x00000000eab00000,0x00000000f2180000)
  from space 13824K, 99% used [0x00000000f2180000,0x00000000f2ef8018,0x00000000f2f00000)
  to   space 12288K, 0% used [0x00000000f2f00000,0x00000000f2f00000,0x00000000f3b00000)
 ParOldGen       total 40960K, used 38070K [0x00000000c0000000, 0x00000000c2800000, 0x00000000eab00000)
  object space 40960K, 92% used [0x00000000c0000000,0x00000000c252da00,0x00000000c2800000)
 Metaspace       used 6120K, capacity 7090K, committed 7296K, reserved 1056768K
  class space    used 599K, capacity 618K, committed 640K, reserved 1048576K

Card table byte_map: [0x00007fdfc96da000,0x00007fdfc98db000] byte_map_base: 0x00007fdfc90da000

Marking Bits: (ParMarkBitMap*) 0x00007fdfcbfec020
 Begin Bits: [0x00007fdfae000000, 0x00007fdfaf000000)
 End Bits:   [0x00007fdfaf000000, 0x00007fdfb0000000)

Polling page: 0x00007fdfccc39000

CodeCache: size=245760Kb used=6275Kb max_used=6275Kb free=239485Kb
 bounds [0x00007fdfb5000000, 0x00007fdfb5630000, 0x00007fdfc4000000]
 total_blobs=1899 nmethods=1630 adapters=182
 compilation: enabled

Compilation events (10 events):
Event: 14,249 Thread 0x00007fdfc40be800 2084       2       com.android.dx.rop.code.Rops::opReturn (89 bytes)
Event: 14,250 Thread 0x00007fdfc40be800 nmethod 2084 0x00007fdfb5623e10 code [0x00007fdfb5623fe0, 0x00007fdfb56244d8]
Event: 14,250 Thread 0x00007fdfc40be800 2065       2       com.android.dx.rop.annotation.Annotations::<init> (16 bytes)
Event: 14,251 Thread 0x00007fdfc40be800 nmethod 2065 0x00007fdfb56247d0 code [0x00007fdfb5624940, 0x00007fdfb5624b10]
Event: 14,251 Thread 0x00007fdfc40be800 2136       1       com.android.dx.cf.attrib.InnerClassList$Item::getInnerClass (5 bytes)
Event: 14,251 Thread 0x00007fdfc40be800 nmethod 2136 0x00007fdfb5624b90 code [0x00007fdfb5624ce0, 0x00007fdfb5624df0]
Event: 14,251 Thread 0x00007fdfc40be800 2130       1       com.android.dx.cf.attrib.AttInnerClasses::getInnerClasses (5 bytes)
Event: 14,251 Thread 0x00007fdfc40be800 nmethod 2130 0x00007fdfb5624e50 code [0x00007fdfb5624fa0, 0x00007fdfb56250b0]
Event: 14,277 Thread 0x00007fdfc40be800 2153       2       com.android.dx.rop.code.LocalVariableInfo::addAssignment (43 bytes)
Event: 14,279 Thread 0x00007fdfc40be800 nmethod 2153 0x00007fdfb5625110 code [0x00007fdfb56252c0, 0x00007fdfb5625708]

GC Heap History (10 events):
Event: 5,498 GC heap after
Heap after GC invocations=2 (full 0):
 PSYoungGen      total 33280K, used 2535K [0x00000000eab00000, 0x00000000ece00000, 0x0000000100000000)
  eden space 30720K, 0% used [0x00000000eab00000,0x00000000eab00000,0x00000000ec900000)
  from space 2560K, 99% used [0x00000000ecb80000,0x00000000ecdf9c98,0x00000000ece00000)
  to   space 2560K, 0% used [0x00000000ec900000,0x00000000ec900000,0x00000000ecb80000)
 ParOldGen       total 40960K, used 4179K [0x00000000c0000000, 0x00000000c2800000, 0x00000000eab00000)
  object space 40960K, 10% used [0x00000000c0000000,0x00000000c0414cc8,0x00000000c2800000)
 Metaspace       used 5629K, capacity 6768K, committed 7040K, reserved 1056768K
  class space    used 578K, capacity 616K, committed 640K, reserved 1048576K
}
Event: 7,266 GC heap before
{Heap before GC invocations=3 (full 0):
 PSYoungGen      total 33280K, used 33255K [0x00000000eab00000, 0x00000000ece00000, 0x0000000100000000)
  eden space 30720K, 100% used [0x00000000eab00000,0x00000000ec900000,0x00000000ec900000)
  from space 2560K, 99% used [0x00000000ecb80000,0x00000000ecdf9c98,0x00000000ece00000)
  to   space 2560K, 0% used [0x00000000ec900000,0x00000000ec900000,0x00000000ecb80000)
 ParOldGen       total 40960K, used 4179K [0x00000000c0000000, 0x00000000c2800000, 0x00000000eab00000)
  object space 40960K, 10% used [0x00000000c0000000,0x00000000c0414cc8,0x00000000c2800000)
 Metaspace       used 5690K, capacity 6768K, committed 7040K, reserved 1056768K
  class space    used 579K, capacity 616K, committed 640K, reserved 1048576K
Event: 7,368 GC heap after
Heap after GC invocations=3 (full 0):
 PSYoungGen      total 33280K, used 2545K [0x00000000eab00000, 0x00000000eec00000, 0x0000000100000000)
  eden space 30720K, 0% used [0x00000000eab00000,0x00000000eab00000,0x00000000ec900000)
  from space 2560K, 99% used [0x00000000ec900000,0x00000000ecb7c428,0x00000000ecb80000)
  to   space 2560K, 0% used [0x00000000ee980000,0x00000000ee980000,0x00000000eec00000)
 ParOldGen       total 40960K, used 9233K [0x00000000c0000000, 0x00000000c2800000, 0x00000000eab00000)
  object space 40960K, 22% used [0x00000000c0000000,0x00000000c09047f0,0x00000000c2800000)
 Metaspace       used 5690K, capacity 6768K, committed 7040K, reserved 1056768K
  class space    used 579K, capacity 616K, committed 640K, reserved 1048576K
}
Event: 8,510 GC heap before
{Heap before GC invocations=4 (full 0):
 PSYoungGen      total 33280K, used 33265K [0x00000000eab00000, 0x00000000eec00000, 0x0000000100000000)
  eden space 30720K, 100% used [0x00000000eab00000,0x00000000ec900000,0x00000000ec900000)
  from space 2560K, 99% used [0x00000000ec900000,0x00000000ecb7c428,0x00000000ecb80000)
  to   space 2560K, 0% used [0x00000000ee980000,0x00000000ee980000,0x00000000eec00000)
 ParOldGen       total 40960K, used 9233K [0x00000000c0000000, 0x00000000c2800000, 0x00000000eab00000)
  object space 40960K, 22% used [0x00000000c0000000,0x00000000c09047f0,0x00000000c2800000)
 Metaspace       used 5715K, capacity 6832K, committed 7040K, reserved 1056768K
  class space    used 580K, capacity 616K, committed 640K, reserved 1048576K
Event: 8,676 GC heap after
Heap after GC invocations=4 (full 0):
 PSYoungGen      total 64000K, used 2545K [0x00000000eab00000, 0x00000000eec00000, 0x0000000100000000)
  eden space 61440K, 0% used [0x00000000eab00000,0x00000000eab00000,0x00000000ee700000)
  from space 2560K, 99% used [0x00000000ee980000,0x00000000eebfc428,0x00000000eec00000)
  to   space 2560K, 0% used [0x00000000ee700000,0x00000000ee700000,0x00000000ee980000)
 ParOldGen       total 40960K, used 14083K [0x00000000c0000000, 0x00000000c2800000, 0x00000000eab00000)
  object space 40960K, 34% used [0x00000000c0000000,0x00000000c0dc0d70,0x00000000c2800000)
 Metaspace       used 5715K, capacity 6832K, committed 7040K, reserved 1056768K
  class space    used 580K, capacity 616K, committed 640K, reserved 1048576K
}
Event: 10,390 GC heap before
{Heap before GC invocations=5 (full 0):
 PSYoungGen      total 64000K, used 63985K [0x00000000eab00000, 0x00000000eec00000, 0x0000000100000000)
  eden space 61440K, 100% used [0x00000000eab00000,0x00000000ee700000,0x00000000ee700000)
  from space 2560K, 99% used [0x00000000ee980000,0x00000000eebfc428,0x00000000eec00000)
  to   space 2560K, 0% used [0x00000000ee700000,0x00000000ee700000,0x00000000ee980000)
 ParOldGen       total 40960K, used 14083K [0x00000000c0000000, 0x00000000c2800000, 0x00000000eab00000)
  object space 40960K, 34% used [0x00000000c0000000,0x00000000c0dc0d70,0x00000000c2800000)
 Metaspace       used 5901K, capacity 6898K, committed 7040K, reserved 1056768K
  class space    used 599K, capacity 618K, committed 640K, reserved 1048576K
Event: 10,554 GC heap after
Heap after GC invocations=5 (full 0):
 PSYoungGen      total 64000K, used 2545K [0x00000000eab00000, 0x00000000f3b00000, 0x0000000100000000)
  eden space 61440K, 0% used [0x00000000eab00000,0x00000000eab00000,0x00000000ee700000)
  from space 2560K, 99% used [0x00000000ee700000,0x00000000ee97c428,0x00000000ee980000)
  to   space 12288K, 0% used [0x00000000f2f00000,0x00000000f2f00000,0x00000000f3b00000)
 ParOldGen       total 40960K, used 22895K [0x00000000c0000000, 0x00000000c2800000, 0x00000000eab00000)
  object space 40960K, 55% used [0x00000000c0000000,0x00000000c165beb0,0x00000000c2800000)
 Metaspace       used 5901K, capacity 6898K, committed 7040K, reserved 1056768K
  class space    used 599K, capacity 618K, committed 640K, reserved 1048576K
}
Event: 11,803 GC heap before
{Heap before GC invocations=6 (full 0):
 PSYoungGen      total 64000K, used 63985K [0x00000000eab00000, 0x00000000f3b00000, 0x0000000100000000)
  eden space 61440K, 100% used [0x00000000eab00000,0x00000000ee700000,0x00000000ee700000)
  from space 2560K, 99% used [0x00000000ee700000,0x00000000ee97c428,0x00000000ee980000)
  to   space 12288K, 0% used [0x00000000f2f00000,0x00000000f2f00000,0x00000000f3b00000)
 ParOldGen       total 40960K, used 22895K [0x00000000c0000000, 0x00000000c2800000, 0x00000000eab00000)
  object space 40960K, 55% used [0x00000000c0000000,0x00000000c165beb0,0x00000000c2800000)
 Metaspace       used 5944K, capacity 6962K, committed 7040K, reserved 1056768K
  class space    used 599K, capacity 618K, committed 640K, reserved 1048576K
Event: 11,943 GC heap after
Heap after GC invocations=6 (full 0):
 PSYoungGen      total 133632K, used 11280K [0x00000000eab00000, 0x00000000f3e00000, 0x0000000100000000)
  eden space 121344K, 0% used [0x00000000eab00000,0x00000000eab00000,0x00000000f2180000)
  from space 12288K, 91% used [0x00000000f2f00000,0x00000000f3a04048,0x00000000f3b00000)
  to   space 13824K, 0% used [0x00000000f2180000,0x00000000f2180000,0x00000000f2f00000)
 ParOldGen       total 40960K, used 22895K [0x00000000c0000000, 0x00000000c2800000, 0x00000000eab00000)
  object space 40960K, 55% used [0x00000000c0000000,0x00000000c165beb0,0x00000000c2800000)
 Metaspace       used 5944K, capacity 6962K, committed 7040K, reserved 1056768K
  class space    used 599K, capacity 618K, committed 640K, reserved 1048576K
}
Event: 14,305 GC heap before
{Heap before GC invocations=7 (full 0):
 PSYoungGen      total 133632K, used 132624K [0x00000000eab00000, 0x00000000f3e00000, 0x0000000100000000)
  eden space 121344K, 100% used [0x00000000eab00000,0x00000000f2180000,0x00000000f2180000)
  from space 12288K, 91% used [0x00000000f2f00000,0x00000000f3a04048,0x00000000f3b00000)
  to   space 13824K, 0% used [0x00000000f2180000,0x00000000f2180000,0x00000000f2f00000)
 ParOldGen       total 40960K, used 22895K [0x00000000c0000000, 0x00000000c2800000, 0x00000000eab00000)
  object space 40960K, 55% used [0x00000000c0000000,0x00000000c165beb0,0x00000000c2800000)
 Metaspace       used 6120K, capacity 7090K, committed 7296K, reserved 1056768K
  class space    used 599K, capacity 618K, committed 640K, reserved 1048576K

Deoptimization events (10 events):
Event: 5,876 Thread 0x00007fdfc400a000 Uncommon trap: reason=unstable_if action=reinterpret pc=0x00007fdfb5204f80 method=java.lang.String.<init>([CII)V @ 18
Event: 5,998 Thread 0x00007fdfc4158800 Uncommon trap: reason=class_check action=maybe_recompile pc=0x00007fdfb52901fc method=com.android.dx.ssa.NormalSsaInsn.accept(Lcom/android/dx/ssa/SsaInsn$Visitor;)V @ 9
Event: 6,140 Thread 0x00007fdfc400a000 Uncommon trap: reason=unstable_if action=reinterpret pc=0x00007fdfb51b2e48 method=java.lang.String.<init>([CII)V @ 18
Event: 7,112 Thread 0x00007fdfc4158800 Uncommon trap: reason=bimorphic action=maybe_recompile pc=0x00007fdfb51e2c88 method=java.util.HashMap.getNode(ILjava/lang/Object;)Ljava/util/HashMap$Node; @ 126
Event: 7,868 Thread 0x00007fdfc4157800 Uncommon trap: reason=bimorphic action=maybe_recompile pc=0x00007fdfb51e2c88 method=java.util.HashMap.getNode(ILjava/lang/Object;)Ljava/util/HashMap$Node; @ 126
Event: 8,996 Thread 0x00007fdfc4158800 Uncommon trap: reason=bimorphic action=maybe_recompile pc=0x00007fdfb51e2c88 method=java.util.HashMap.getNode(ILjava/lang/Object;)Ljava/util/HashMap$Node; @ 126
Event: 8,996 Thread 0x00007fdfc4158800 Uncommon trap: reason=bimorphic action=maybe_recompile pc=0x00007fdfb51e2c88 method=java.util.HashMap.getNode(ILjava/lang/Object;)Ljava/util/HashMap$Node; @ 126
Event: 8,996 Thread 0x00007fdfc4158800 Uncommon trap: reason=bimorphic action=maybe_recompile pc=0x00007fdfb51c68dc method=java.util.HashMap.getNode(ILjava/lang/Object;)Ljava/util/HashMap$Node; @ 126
Event: 9,039 Thread 0x00007fdfc4157800 Uncommon trap: reason=unstable_if action=reinterpret pc=0x00007fdfb530790c method=java.util.HashMap.putVal(ILjava/lang/Object;Ljava/lang/Object;ZZ)Ljava/lang/Object; @ 162
Event: 9,158 Thread 0x00007fdfc4158800 Uncommon trap: reason=unstable_if action=reinterpret pc=0x00007fdfb53eacb8 method=java.util.HashMap.getNode(ILjava/lang/Object;)Ljava/util/HashMap$Node; @ 84

Internal exceptions (5 events):
Event: 0,311 Thread 0x00007fdfc400a000 Exception <a 'java/lang/NoSuchMethodError': Method sun.misc.Unsafe.defineClass(Ljava/lang/String;[BII)Ljava/lang/Class; name or signature does not match> (0x00000000eab12b90) thrown at [/HUDSON/workspace/8-2-build-linux-amd64/jdk8u66/4988/hotspot/src/shar
Event: 0,316 Thread 0x00007fdfc400a000 Exception <a 'java/lang/NoSuchMethodError': Method sun.misc.Unsafe.prefetchRead(Ljava/lang/Object;J)V name or signature does not match> (0x00000000eab12e78) thrown at [/HUDSON/workspace/8-2-build-linux-amd64/jdk8u66/4988/hotspot/src/share/vm/prims/jni.cpp
Event: 9,042 Thread 0x00007fdfc4157800 Exception <a 'java/lang/ArrayIndexOutOfBoundsException': 18> (0x00000000eb4e7768) thrown at [/HUDSON/workspace/8-2-build-linux-amd64/jdk8u66/4988/hotspot/src/share/vm/interpreter/interpreterRuntime.cpp, line 366]
Event: 9,043 Thread 0x00007fdfc4157800 Exception <a 'java/lang/ArrayIndexOutOfBoundsException': 145> (0x00000000eb4e92e8) thrown at [/HUDSON/workspace/8-2-build-linux-amd64/jdk8u66/4988/hotspot/src/share/vm/interpreter/interpreterRuntime.cpp, line 366]
Event: 9,045 Thread 0x00007fdfc4157800 Exception <a 'java/lang/ArrayIndexOutOfBoundsException': 40> (0x00000000eb4ea5d0) thrown at [/HUDSON/workspace/8-2-build-linux-amd64/jdk8u66/4988/hotspot/src/share/vm/interpreter/interpreterRuntime.cpp, line 366]

Events (10 events):
Event: 14,240 Thread 0x00007fdfc4155800 DEOPT UNPACKING pc=0x00007fdfb5047633 sp=0x00007fdfad314888 mode 0
Event: 14,241 Thread 0x00007fdfc4155800 DEOPT PACKING pc=0x00007fdfb5265cad sp=0x00007fdfad314b00
Event: 14,241 Thread 0x00007fdfc4155800 DEOPT UNPACKING pc=0x00007fdfb5047633 sp=0x00007fdfad314888 mode 0
Event: 14,252 Thread 0x00007fdfc4157800 DEOPT PACKING pc=0x00007fdfb5265cad sp=0x00007fdfad213d30
Event: 14,252 Thread 0x00007fdfc4157800 DEOPT UNPACKING pc=0x00007fdfb5047633 sp=0x00007fdfad213ab8 mode 0
Event: 14,283 Thread 0x00007fdfc414c800 DEOPT PACKING pc=0x00007fdfb5265cad sp=0x00007fdfad516bb0
Event: 14,283 Thread 0x00007fdfc414c800 DEOPT UNPACKING pc=0x00007fdfb5047633 sp=0x00007fdfad516938 mode 0
Event: 14,285 Thread 0x00007fdfc4157800 DEOPT PACKING pc=0x00007fdfb5265cad sp=0x00007fdfad213d30
Event: 14,285 Thread 0x00007fdfc4157800 DEOPT UNPACKING pc=0x00007fdfb5047633 sp=0x00007fdfad213ab8 mode 0
Event: 14,285 Executing VM operation: ParallelGCFailedAllocation


Dynamic libraries:
00400000-00401000 r-xp 00000000 08:04 4205352                            /usr/lib/jvm/java-8-oracle/bin/java
00600000-00601000 rw-p 00000000 08:04 4205352                            /usr/lib/jvm/java-8-oracle/bin/java
01dcf000-01df0000 rw-p 00000000 00:00 0                                  [heap]
c0000000-c2800000 rw-p 00000000 00:00 0 
c2800000-eab00000 ---p 00000000 00:00 0 
eab00000-f3e00000 rw-p 00000000 00:00 0 
fc600000-100000000 ---p 00000000 00:00 0 
100000000-1000a0000 rw-p 00000000 00:00 0 
1000a0000-140000000 ---p 00000000 00:00 0 
7fdf68000000-7fdf68025000 rw-p 00000000 00:00 0 
7fdf68025000-7fdf6c000000 ---p 00000000 00:00 0 
7fdf6c000000-7fdf6c03c000 rw-p 00000000 00:00 0 
7fdf6c03c000-7fdf70000000 ---p 00000000 00:00 0 
7fdf70000000-7fdf70021000 rw-p 00000000 00:00 0 
7fdf70021000-7fdf74000000 ---p 00000000 00:00 0 
7fdf74000000-7fdf7402d000 rw-p 00000000 00:00 0 
7fdf7402d000-7fdf78000000 ---p 00000000 00:00 0 
7fdf78000000-7fdf78021000 rw-p 00000000 00:00 0 
7fdf78021000-7fdf7c000000 ---p 00000000 00:00 0 
7fdf7c000000-7fdf7c052000 rw-p 00000000 00:00 0 
7fdf7c052000-7fdf80000000 ---p 00000000 00:00 0 
7fdf80000000-7fdf8095a000 rw-p 00000000 00:00 0 
7fdf8095a000-7fdf84000000 ---p 00000000 00:00 0 
7fdf84000000-7fdf84021000 rw-p 00000000 00:00 0 
7fdf84021000-7fdf88000000 ---p 00000000 00:00 0 
7fdf88000000-7fdf88a84000 rw-p 00000000 00:00 0 
7fdf88a84000-7fdf8c000000 ---p 00000000 00:00 0 
7fdf8c000000-7fdf8c988000 rw-p 00000000 00:00 0 
7fdf8c988000-7fdf90000000 ---p 00000000 00:00 0 
7fdf90000000-7fdf90021000 rw-p 00000000 00:00 0 
7fdf90021000-7fdf94000000 ---p 00000000 00:00 0 
7fdf94000000-7fdf94021000 rw-p 00000000 00:00 0 
7fdf94021000-7fdf98000000 ---p 00000000 00:00 0 
7fdf98000000-7fdf9828b000 rw-p 00000000 00:00 0 
7fdf9828b000-7fdf9c000000 ---p 00000000 00:00 0 
7fdf9c000000-7fdf9c021000 rw-p 00000000 00:00 0 
7fdf9c021000-7fdfa0000000 ---p 00000000 00:00 0 
7fdfa0000000-7fdfa0021000 rw-p 00000000 00:00 0 
7fdfa0021000-7fdfa4000000 ---p 00000000 00:00 0 
7fdfa4000000-7fdfa4021000 rw-p 00000000 00:00 0 
7fdfa4021000-7fdfa8000000 ---p 00000000 00:00 0 
7fdfa8000000-7fdfa8021000 rw-p 00000000 00:00 0 
7fdfa8021000-7fdfac000000 ---p 00000000 00:00 0 
7fdfad014000-7fdfad017000 ---p 00000000 00:00 0 
7fdfad017000-7fdfad115000 rw-p 00000000 00:00 0                          [stack:7578]
7fdfad115000-7fdfad118000 ---p 00000000 00:00 0 
7fdfad118000-7fdfad216000 rw-p 00000000 00:00 0                          [stack:7577]
7fdfad216000-7fdfad219000 ---p 00000000 00:00 0 
7fdfad219000-7fdfad317000 rw-p 00000000 00:00 0                          [stack:7576]
7fdfad317000-7fdfad31a000 ---p 00000000 00:00 0 
7fdfad31a000-7fdfad418000 rw-p 00000000 00:00 0                          [stack:7575]
7fdfad418000-7fdfad41b000 ---p 00000000 00:00 0 
7fdfad41b000-7fdfad519000 rw-p 00000000 00:00 0                          [stack:7573]
7fdfad519000-7fdfad51a000 ---p 00000000 00:00 0 
7fdfad51a000-7fdfad61a000 rw-p 00000000 00:00 0                          [stack:7554]
7fdfad61a000-7fdfad61d000 ---p 00000000 00:00 0 
7fdfad61d000-7fdfad71b000 rw-p 00000000 00:00 0                          [stack:7553]
7fdfad71b000-7fdfad71e000 ---p 00000000 00:00 0 
7fdfad71e000-7fdfad81c000 rw-p 00000000 00:00 0                          [stack:7552]
7fdfad81c000-7fdfad81f000 ---p 00000000 00:00 0 
7fdfad81f000-7fdfad91d000 rw-p 00000000 00:00 0                          [stack:7551]
7fdfad91d000-7fdfae000000 r--p 00000000 08:04 4071285                    /usr/lib/locale/locale-archive
7fdfae000000-7fdfb0000000 rw-p 00000000 00:00 0 
7fdfb0000000-7fdfb0021000 rw-p 00000000 00:00 0 
7fdfb0021000-7fdfb4000000 ---p 00000000 00:00 0 
7fdfb4048000-7fdfb405e000 r--s 000dc000 08:04 3152829                    /home/bravo3465/Repositorios/Android/FarmaciaJA/app/build/intermediates/exploded-aar/com.google.android.gms/play-services-ads/8.1.0/jars/classes.jar
7fdfb405e000-7fdfb406d000 r--s 000df000 08:04 3286699                    /home/bravo3465/Android/Sdk/build-tools/23.0.1/lib/dx.jar
7fdfb406d000-7fdfb4070000 ---p 00000000 00:00 0 
7fdfb4070000-7fdfb416e000 rw-p 00000000 00:00 0                          [stack:7550]
7fdfb416e000-7fdfb4171000 ---p 00000000 00:00 0 
7fdfb4171000-7fdfb426f000 rw-p 00000000 00:00 0                          [stack:7549]
7fdfb426f000-7fdfb4272000 ---p 00000000 00:00 0 
7fdfb4272000-7fdfb4370000 rw-p 00000000 00:00 0                          [stack:7548]
7fdfb4370000-7fdfb4373000 ---p 00000000 00:00 0 
7fdfb4373000-7fdfb4471000 rw-p 00000000 00:00 0                          [stack:7547]
7fdfb4471000-7fdfb4472000 ---p 00000000 00:00 0 
7fdfb4472000-7fdfb5000000 rw-p 00000000 00:00 0                          [stack:7546]
7fdfb5000000-7fdfb5630000 rwxp 00000000 00:00 0 
7fdfb5630000-7fdfc4000000 ---p 00000000 00:00 0 
7fdfc4000000-7fdfc439d000 rw-p 00000000 00:00 0 
7fdfc439d000-7fdfc8000000 ---p 00000000 00:00 0 
7fdfc800b000-7fdfc8531000 rw-p 00000000 00:00 0 
7fdfc8531000-7fdfc870a000 r--s 03d20000 08:04 4621321                    /usr/lib/jvm/java-8-oracle/jre/lib/rt.jar
7fdfc870a000-7fdfc8e00000 rw-p 00000000 00:00 0 
7fdfc8e00000-7fdfc8f80000 ---p 00000000 00:00 0 
7fdfc8f80000-7fdfc9180000 rw-p 00000000 00:00 0 
7fdfc9180000-7fdfc9181000 ---p 00000000 00:00 0 
7fdfc9181000-7fdfc9281000 rw-p 00000000 00:00 0                          [stack:7545]
7fdfc9281000-7fdfc9282000 ---p 00000000 00:00 0 
7fdfc9282000-7fdfc9382000 rw-p 00000000 00:00 0                          [stack:7544]
7fdfc9382000-7fdfc9383000 ---p 00000000 00:00 0 
7fdfc9383000-7fdfc9483000 rw-p 00000000 00:00 0                          [stack:7543]
7fdfc9483000-7fdfc9484000 ---p 00000000 00:00 0 
7fdfc9484000-7fdfc9598000 rw-p 00000000 00:00 0                          [stack:7542]
7fdfc9598000-7fdfc96da000 ---p 00000000 00:00 0 
7fdfc96da000-7fdfc96ee000 rw-p 00000000 00:00 0 
7fdfc96ee000-7fdfc982f000 ---p 00000000 00:00 0 
7fdfc982f000-7fdfc9879000 rw-p 00000000 00:00 0 
7fdfc9879000-7fdfc98da000 ---p 00000000 00:00 0 
7fdfc98da000-7fdfc98f4000 rw-p 00000000 00:00 0 
7fdfc98f4000-7fdfc9c9b000 ---p 00000000 00:00 0 
7fdfc9c9b000-7fdfc9cb5000 r-xp 00000000 08:04 4856730                    /usr/lib/jvm/java-8-oracle/jre/lib/amd64/libzip.so
7fdfc9cb5000-7fdfc9eb5000 ---p 0001a000 08:04 4856730                    /usr/lib/jvm/java-8-oracle/jre/lib/amd64/libzip.so
7fdfc9eb5000-7fdfc9eb6000 rw-p 0001a000 08:04 4856730                    /usr/lib/jvm/java-8-oracle/jre/lib/amd64/libzip.so
7fdfc9eb6000-7fdfc9ec2000 r-xp 00000000 08:04 3543561                    /lib/x86_64-linux-gnu/libnss_files-2.21.so
7fdfc9ec2000-7fdfca0c1000 ---p 0000c000 08:04 3543561                    /lib/x86_64-linux-gnu/libnss_files-2.21.so
7fdfca0c1000-7fdfca0c2000 r--p 0000b000 08:04 3543561                    /lib/x86_64-linux-gnu/libnss_files-2.21.so
7fdfca0c2000-7fdfca0c3000 rw-p 0000c000 08:04 3543561                    /lib/x86_64-linux-gnu/libnss_files-2.21.so
7fdfca0c3000-7fdfca0ce000 r-xp 00000000 08:04 3543571                    /lib/x86_64-linux-gnu/libnss_nis-2.21.so
7fdfca0ce000-7fdfca2cd000 ---p 0000b000 08:04 3543571                    /lib/x86_64-linux-gnu/libnss_nis-2.21.so
7fdfca2cd000-7fdfca2ce000 r--p 0000a000 08:04 3543571                    /lib/x86_64-linux-gnu/libnss_nis-2.21.so
7fdfca2ce000-7fdfca2cf000 rw-p 0000b000 08:04 3543571                    /lib/x86_64-linux-gnu/libnss_nis-2.21.so
7fdfca2cf000-7fdfca2e6000 r-xp 00000000 08:04 3543555                    /lib/x86_64-linux-gnu/libnsl-2.21.so
7fdfca2e6000-7fdfca4e5000 ---p 00017000 08:04 3543555                    /lib/x86_64-linux-gnu/libnsl-2.21.so
7fdfca4e5000-7fdfca4e6000 r--p 00016000 08:04 3543555                    /lib/x86_64-linux-gnu/libnsl-2.21.so
7fdfca4e6000-7fdfca4e7000 rw-p 00017000 08:04 3543555                    /lib/x86_64-linux-gnu/libnsl-2.21.so
7fdfca4e7000-7fdfca4e9000 rw-p 00000000 00:00 0 
7fdfca4e9000-7fdfca4f1000 r-xp 00000000 08:04 3543557                    /lib/x86_64-linux-gnu/libnss_compat-2.21.so
7fdfca4f1000-7fdfca6f0000 ---p 00008000 08:04 3543557                    /lib/x86_64-linux-gnu/libnss_compat-2.21.so
7fdfca6f0000-7fdfca6f1000 r--p 00007000 08:04 3543557                    /lib/x86_64-linux-gnu/libnss_compat-2.21.so
7fdfca6f1000-7fdfca6f2000 rw-p 00008000 08:04 3543557                    /lib/x86_64-linux-gnu/libnss_compat-2.21.so
7fdfca6f2000-7fdfca71c000 r-xp 00000000 08:04 4856725                    /usr/lib/jvm/java-8-oracle/jre/lib/amd64/libjava.so
7fdfca71c000-7fdfca91c000 ---p 0002a000 08:04 4856725                    /usr/lib/jvm/java-8-oracle/jre/lib/amd64/libjava.so
7fdfca91c000-7fdfca91e000 rw-p 0002a000 08:04 4856725                    /usr/lib/jvm/java-8-oracle/jre/lib/amd64/libjava.so
7fdfca91e000-7fdfca92b000 r-xp 00000000 08:04 4856729                    /usr/lib/jvm/java-8-oracle/jre/lib/amd64/libverify.so
7fdfca92b000-7fdfcab2b000 ---p 0000d000 08:04 4856729                    /usr/lib/jvm/java-8-oracle/jre/lib/amd64/libverify.so
7fdfcab2b000-7fdfcab2d000 rw-p 0000d000 08:04 4856729                    /usr/lib/jvm/java-8-oracle/jre/lib/amd64/libverify.so
7fdfcab2d000-7fdfcab34000 r-xp 00000000 08:04 3543616                    /lib/x86_64-linux-gnu/librt-2.21.so
7fdfcab34000-7fdfcad33000 ---p 00007000 08:04 3543616                    /lib/x86_64-linux-gnu/librt-2.21.so
7fdfcad33000-7fdfcad34000 r--p 00006000 08:04 3543616                    /lib/x86_64-linux-gnu/librt-2.21.so
7fdfcad34000-7fdfcad35000 rw-p 00007000 08:04 3543616                    /lib/x86_64-linux-gnu/librt-2.21.so
7fdfcad35000-7fdfcae3c000 r-xp 00000000 08:04 3543534                    /lib/x86_64-linux-gnu/libm-2.21.so
7fdfcae3c000-7fdfcb03b000 ---p 00107000 08:04 3543534                    /lib/x86_64-linux-gnu/libm-2.21.so
7fdfcb03b000-7fdfcb03c000 r--p 00106000 08:04 3543534                    /lib/x86_64-linux-gnu/libm-2.21.so
7fdfcb03c000-7fdfcb03d000 rw-p 00107000 08:04 3543534                    /lib/x86_64-linux-gnu/libm-2.21.so
7fdfcb03d000-7fdfcbcfb000 r-xp 00000000 08:04 4856752                    /usr/lib/jvm/java-8-oracle/jre/lib/amd64/server/libjvm.so
7fdfcbcfb000-7fdfcbefa000 ---p 00cbe000 08:04 4856752                    /usr/lib/jvm/java-8-oracle/jre/lib/amd64/server/libjvm.so
7fdfcbefa000-7fdfcbfd3000 rw-p 00cbd000 08:04 4856752                    /usr/lib/jvm/java-8-oracle/jre/lib/amd64/server/libjvm.so
7fdfcbfd3000-7fdfcc017000 rw-p 00000000 00:00 0 
7fdfcc017000-7fdfcc1d7000 r-xp 00000000 08:04 3543472                    /lib/x86_64-linux-gnu/libc-2.21.so
7fdfcc1d7000-7fdfcc3d7000 ---p 001c0000 08:04 3543472                    /lib/x86_64-linux-gnu/libc-2.21.so
7fdfcc3d7000-7fdfcc3db000 r--p 001c0000 08:04 3543472                    /lib/x86_64-linux-gnu/libc-2.21.so
7fdfcc3db000-7fdfcc3dd000 rw-p 001c4000 08:04 3543472                    /lib/x86_64-linux-gnu/libc-2.21.so
7fdfcc3dd000-7fdfcc3e1000 rw-p 00000000 00:00 0 
7fdfcc3e1000-7fdfcc3e4000 r-xp 00000000 08:04 3543491                    /lib/x86_64-linux-gnu/libdl-2.21.so
7fdfcc3e4000-7fdfcc5e3000 ---p 00003000 08:04 3543491                    /lib/x86_64-linux-gnu/libdl-2.21.so
7fdfcc5e3000-7fdfcc5e4000 r--p 00002000 08:04 3543491                    /lib/x86_64-linux-gnu/libdl-2.21.so
7fdfcc5e4000-7fdfcc5e5000 rw-p 00003000 08:04 3543491                    /lib/x86_64-linux-gnu/libdl-2.21.so
7fdfcc5e5000-7fdfcc5fa000 r-xp 00000000 08:04 4334486                    /usr/lib/jvm/java-8-oracle/lib/amd64/jli/libjli.so
7fdfcc5fa000-7fdfcc7fa000 ---p 00015000 08:04 4334486                    /usr/lib/jvm/java-8-oracle/lib/amd64/jli/libjli.so
7fdfcc7fa000-7fdfcc7fb000 rw-p 00015000 08:04 4334486                    /usr/lib/jvm/java-8-oracle/lib/amd64/jli/libjli.so
7fdfcc7fb000-7fdfcc813000 r-xp 00000000 08:04 3543608                    /lib/x86_64-linux-gnu/libpthread-2.21.so
7fdfcc813000-7fdfcca13000 ---p 00018000 08:04 3543608                    /lib/x86_64-linux-gnu/libpthread-2.21.so
7fdfcca13000-7fdfcca14000 r--p 00018000 08:04 3543608                    /lib/x86_64-linux-gnu/libpthread-2.21.so
7fdfcca14000-7fdfcca15000 rw-p 00019000 08:04 3543608                    /lib/x86_64-linux-gnu/libpthread-2.21.so
7fdfcca15000-7fdfcca19000 rw-p 00000000 00:00 0 
7fdfcca19000-7fdfcca3d000 r-xp 00000000 08:04 3543444                    /lib/x86_64-linux-gnu/ld-2.21.so
7fdfcca41000-7fdfccb13000 rw-p 00000000 00:00 0 
7fdfccb13000-7fdfccb16000 ---p 00000000 00:00 0 
7fdfccb16000-7fdfccc18000 rw-p 00000000 00:00 0                          [stack:7539]
7fdfccc1b000-7fdfccc30000 rw-p 00000000 00:00 0 
7fdfccc30000-7fdfccc38000 rw-s 00000000 08:04 283112                     /tmp/hsperfdata_bravo3465/7537
7fdfccc38000-7fdfccc39000 rw-p 00000000 00:00 0 
7fdfccc39000-7fdfccc3a000 ---p 00000000 00:00 0 
7fdfccc3a000-7fdfccc3c000 rw-p 00000000 00:00 0 
7fdfccc3c000-7fdfccc3d000 r--p 00023000 08:04 3543444                    /lib/x86_64-linux-gnu/ld-2.21.so
7fdfccc3d000-7fdfccc3e000 rw-p 00024000 08:04 3543444                    /lib/x86_64-linux-gnu/ld-2.21.so
7fdfccc3e000-7fdfccc3f000 rw-p 00000000 00:00 0 
7ffdc85b5000-7ffdc85d6000 rw-p 00000000 00:00 0                          [stack]
7ffdc85ef000-7ffdc85f1000 r--p 00000000 00:00 0                          [vvar]
7ffdc85f1000-7ffdc85f3000 r-xp 00000000 00:00 0                          [vdso]
ffffffffff600000-ffffffffff601000 r-xp 00000000 00:00 0                  [vsyscall]

VM Arguments:
jvm_args: -Xmx1024M -Dfile.encoding=UTF-8 -Duser.country=US -Duser.language=en -Duser.variant 
java_command: com.android.dx.command.Main --dex --num-threads=4 --output /home/bravo3465/Repositorios/Android/FarmaciaJA/app/build/intermediates/pre-dexed/debug/classes-a292f7c13efeb161e2322b5dc17b453697670640.jar /home/bravo3465/Repositorios/Android/FarmaciaJA/app/build/intermediates/exploded-aar/com.google.android.gms/play-services-ads/8.1.0/jars/classes.jar
java_class_path (initial): /home/bravo3465/Android/Sdk/build-tools/23.0.1/lib/dx.jar
Launcher Type: SUN_STANDARD

Environment Variables:
PATH=/usr/local/sbin:/usr/local/bin:/usr/sbin:/usr/bin:/sbin:/bin:/usr/games:/usr/local/games
SHELL=/bin/bash
DISPLAY=:0

Signal Handlers:
SIGSEGV: [libjvm.so+0xaba2a0], sa_mask[0]=11111111011111111101111111111110, sa_flags=SA_RESTART|SA_SIGINFO
SIGBUS: [libjvm.so+0xaba2a0], sa_mask[0]=11111111011111111101111111111110, sa_flags=SA_RESTART|SA_SIGINFO
SIGFPE: [libjvm.so+0x917710], sa_mask[0]=11111111011111111101111111111110, sa_flags=SA_RESTART|SA_SIGINFO
SIGPIPE: [libjvm.so+0x917710], sa_mask[0]=11111111011111111101111111111110, sa_flags=SA_RESTART|SA_SIGINFO
SIGXFSZ: [libjvm.so+0x917710], sa_mask[0]=11111111011111111101111111111110, sa_flags=SA_RESTART|SA_SIGINFO
SIGILL: [libjvm.so+0x917710], sa_mask[0]=11111111011111111101111111111110, sa_flags=SA_RESTART|SA_SIGINFO
SIGUSR1: SIG_DFL, sa_mask[0]=00000000000000000000000000000000, sa_flags=none
SIGUSR2: [libjvm.so+0x918d40], sa_mask[0]=00100000000000000000000000000000, sa_flags=SA_RESTART|SA_SIGINFO
SIGHUP: [libjvm.so+0x91a140], sa_mask[0]=11111111011111111101111111111110, sa_flags=SA_RESTART|SA_SIGINFO
SIGINT: [libjvm.so+0x91a140], sa_mask[0]=11111111011111111101111111111110, sa_flags=SA_RESTART|SA_SIGINFO
SIGTERM: [libjvm.so+0x91a140], sa_mask[0]=11111111011111111101111111111110, sa_flags=SA_RESTART|SA_SIGINFO
SIGQUIT: [libjvm.so+0x91a140], sa_mask[0]=11111111011111111101111111111110, sa_flags=SA_RESTART|SA_SIGINFO


---------------  S Y S T E M  ---------------

OS:DISTRIB_ID=Ubuntu
DISTRIB_RELEASE=15.10
DISTRIB_CODENAME=wily
DISTRIB_DESCRIPTION="Ubuntu 15.10"

uname:Linux 4.2.0-17-generic #21-Ubuntu SMP Fri Oct 23 19:56:16 UTC 2015 x86_64
libc:glibc 2.21 NPTL 2.21 
rlimit: STACK 8192k, CORE 0k, NPROC 14958, NOFILE 65536, AS infinity
load average:18,16 10,65 5,02

/proc/meminfo:
MemTotal:        3864144 kB
MemFree:           27460 kB
MemAvailable:      56552 kB
Buffers:             804 kB
Cached:           194704 kB
SwapCached:        15412 kB
Active:          2116752 kB
Inactive:         704608 kB
Active(anon):    2104948 kB
Inactive(anon):   695900 kB
Active(file):      11804 kB
Inactive(file):     8708 kB
Unevictable:         312 kB
Mlocked:             312 kB
SwapTotal:        999420 kB
SwapFree:              0 kB
Dirty:               196 kB
Writeback:             0 kB
AnonPages:       2611592 kB
Mapped:           911432 kB
Shmem:            174532 kB
Slab:              82628 kB
SReclaimable:      37608 kB
SUnreclaim:        45020 kB
KernelStack:       12944 kB
PageTables:        49160 kB
NFS_Unstable:          0 kB
Bounce:                0 kB
WritebackTmp:          0 kB
CommitLimit:     2931492 kB
Committed_AS:    9276052 kB
VmallocTotal:   34359738367 kB
VmallocUsed:      350328 kB
VmallocChunk:   34358947836 kB
HardwareCorrupted:     0 kB
AnonHugePages:    735232 kB
CmaTotal:              0 kB
CmaFree:               0 kB
HugePages_Total:       0
HugePages_Free:        0
HugePages_Rsvd:        0
HugePages_Surp:        0
Hugepagesize:       2048 kB
DirectMap4k:      120920 kB
DirectMap2M:     3889152 kB


CPU:total 4 (2 cores per cpu, 2 threads per core) family 6 model 42 stepping 7, cmov, cx8, fxsr, mmx, sse, sse2, sse3, ssse3, sse4.1, sse4.2, popcnt, avx, clmul, ht, tsc, tscinvbit

/proc/cpuinfo:
processor	: 0
vendor_id	: GenuineIntel
cpu family	: 6
model		: 42
model name	: Intel(R) Core(TM) i3-2375M CPU @ 1.50GHz
stepping	: 7
microcode	: 0x29
cpu MHz		: 1499.941
cache size	: 3072 KB
physical id	: 0
siblings	: 4
core id		: 0
cpu cores	: 2
apicid		: 0
initial apicid	: 0
fpu		: yes
fpu_exception	: yes
cpuid level	: 13
wp		: yes
flags		: fpu vme de pse tsc msr pae mce cx8 apic sep mtrr pge mca cmov pat pse36 clflush dts acpi mmx fxsr sse sse2 ss ht tm pbe syscall nx rdtscp lm constant_tsc arch_perfmon pebs bts rep_good nopl xtopology nonstop_tsc aperfmperf eagerfpu pni pclmulqdq dtes64 monitor ds_cpl vmx est tm2 ssse3 cx16 xtpr pdcm pcid sse4_1 sse4_2 x2apic popcnt tsc_deadline_timer xsave avx lahf_lm arat epb pln pts dtherm tpr_shadow vnmi flexpriority ept vpid xsaveopt
bugs		:
bogomips	: 2993.00
clflush size	: 64
cache_alignment	: 64
address sizes	: 36 bits physical, 48 bits virtual
power management:

processor	: 1
vendor_id	: GenuineIntel
cpu family	: 6
model		: 42
model name	: Intel(R) Core(TM) i3-2375M CPU @ 1.50GHz
stepping	: 7
microcode	: 0x29
cpu MHz		: 1500.000
cache size	: 3072 KB
physical id	: 0
siblings	: 4
core id		: 1
cpu cores	: 2
apicid		: 2
initial apicid	: 2
fpu		: yes
fpu_exception	: yes
cpuid level	: 13
wp		: yes
flags		: fpu vme de pse tsc msr pae mce cx8 apic sep mtrr pge mca cmov pat pse36 clflush dts acpi mmx fxsr sse sse2 ss ht tm pbe syscall nx rdtscp lm constant_tsc arch_perfmon pebs bts rep_good nopl xtopology nonstop_tsc aperfmperf eagerfpu pni pclmulqdq dtes64 monitor ds_cpl vmx est tm2 ssse3 cx16 xtpr pdcm pcid sse4_1 sse4_2 x2apic popcnt tsc_deadline_timer xsave avx lahf_lm arat epb pln pts dtherm tpr_shadow vnmi flexpriority ept vpid xsaveopt
bugs		:
bogomips	: 2993.00
clflush size	: 64
cache_alignment	: 64
address sizes	: 36 bits physical, 48 bits virtual
power management:

processor	: 2
vendor_id	: GenuineIntel
cpu family	: 6
model		: 42
model name	: Intel(R) Core(TM) i3-2375M CPU @ 1.50GHz
stepping	: 7
microcode	: 0x29
cpu MHz		: 1500.000
cache size	: 3072 KB
physical id	: 0
siblings	: 4
core id		: 0
cpu cores	: 2
apicid		: 1
initial apicid	: 1
fpu		: yes
fpu_exception	: yes
cpuid level	: 13
wp		: yes
flags		: fpu vme de pse tsc msr pae mce cx8 apic sep mtrr pge mca cmov pat pse36 clflush dts acpi mmx fxsr sse sse2 ss ht tm pbe syscall nx rdtscp lm constant_tsc arch_perfmon pebs bts rep_good nopl xtopology nonstop_tsc aperfmperf eagerfpu pni pclmulqdq dtes64 monitor ds_cpl vmx est tm2 ssse3 cx16 xtpr pdcm pcid sse4_1 sse4_2 x2apic popcnt tsc_deadline_timer xsave avx lahf_lm arat epb pln pts dtherm tpr_shadow vnmi flexpriority ept vpid xsaveopt
bugs		:
bogomips	: 2993.00
clflush size	: 64
cache_alignment	: 64
address sizes	: 36 bits physical, 48 bits virtual
power management:

processor	: 3
vendor_id	: GenuineIntel
cpu family	: 6
model		: 42
model name	: Intel(R) Core(TM) i3-2375M CPU @ 1.50GHz
stepping	: 7
microcode	: 0x29
cpu MHz		: 1499.941
cache size	: 3072 KB
physical id	: 0
siblings	: 4
core id		: 1
cpu cores	: 2
apicid		: 3
initial apicid	: 3
fpu		: yes
fpu_exception	: yes
cpuid level	: 13
wp		: yes
flags		: fpu vme de pse tsc msr pae mce cx8 apic sep mtrr pge mca cmov pat pse36 clflush dts acpi mmx fxsr sse sse2 ss ht tm pbe syscall nx rdtscp lm constant_tsc arch_perfmon pebs bts rep_good nopl xtopology nonstop_tsc aperfmperf eagerfpu pni pclmulqdq dtes64 monitor ds_cpl vmx est tm2 ssse3 cx16 xtpr pdcm pcid sse4_1 sse4_2 x2apic popcnt tsc_deadline_timer xsave avx lahf_lm arat epb pln pts dtherm tpr_shadow vnmi flexpriority ept vpid xsaveopt
bugs		:
bogomips	: 2993.00
clflush size	: 64
cache_alignment	: 64
address sizes	: 36 bits physical, 48 bits virtual
power management:



Memory: 4k page, physical 3864144k(27460k free), swap 999420k(0k free)

vm_info: Java HotSpot(TM) 64-Bit Server VM (25.66-b17) for linux-amd64 JRE (1.8.0_66-b17), built on Oct  6 2015 17:28:34 by "java_re" with gcc 4.3.0 20080428 (Red Hat 4.3.0-8)

time: Thu Nov 12 21:15:35 2015
elapsed time: 14 seconds (0d 0h 0m 14s)

